<?xml version="1.0" encoding="UTF-8"?>
<!-- Generated by org.testng.reporters.JUnitXMLReporter -->
<testsuite hostname="LAPTOP-DK86T691" ignored="0" name="用户管理系统测试用例" tests="7" failures="0" timestamp="13 二月 2019 13:07:50 GMT" time="3.979" errors="0">
  <testcase name="loginTrue" time="1.008" classname="com.course.cases.LoginTest"/>
  <testcase name="loginFalse" time="0.418" classname="com.course.cases.LoginTest"/>
  <testcase name="addUser" time="0.436" classname="com.course.cases.AddUserTest"/>
  <testcase name="getUserInfo" time="0.451" classname="com.course.cases.GetUserInfoTest"/>
  <testcase name="updateuserinfo" time="0.431" classname="com.course.cases.UpdateUserInfoTest"/>
  <testcase name="deleteuser" time="0.462" classname="com.course.cases.UpdateUserInfoTest"/>
  <testcase name="getuserlist" time="0.442" classname="com.course.cases.GetUserListTest"/>
</testsuite> <!-- 用户管理系统测试用例 -->
