<?xml version="1.0" encoding="UTF-8"?>
<!-- Generated by org.testng.reporters.JUnitXMLReporter -->
<testsuite hostname="DESKTOP-1J0QRU3" ignored="0" name="用户管理系统测试用例" tests="7" failures="0" timestamp="13 二月 2019 07:33:48 GMT" time="10.996" errors="0">
  <testcase name="loginTrue" time="1.823" classname="com.course.cases.LoginTest"/>
  <testcase name="loginFalse" time="1.064" classname="com.course.cases.LoginTest"/>
  <testcase name="addUser" time="2.641" classname="com.course.cases.AddUserTest"/>
  <testcase name="getUserInfo" time="1.357" classname="com.course.cases.GetUserInfoTest"/>
  <testcase name="updateuserinfo" time="1.467" classname="com.course.cases.UpdateUserInfoTest"/>
  <testcase name="deleteuser" time="0.986" classname="com.course.cases.UpdateUserInfoTest"/>
  <testcase name="getuserlist" time="1.488" classname="com.course.cases.GetUserListTest"/>
</testsuite> <!-- 用户管理系统测试用例 -->
